  Using triplet "x86-windows" from "C:\Users\ztz\work\vcpkg\installed\x86-windows\"
  at_exit.cc
  base_paths.cc
  base_paths_win.cc
  base_switches.cc
  bind_helpers.cc
  callback_internal.cc
  command_line.cc
  cpu.cc
  alias.cc
  debugger.cc
  debugger_win.cc
  profiler.cc
  stack_trace.cc
  stack_trace_win.cc
  task_annotator.cc
  trace_event_impl.cc
d:\work\code\mybase\base\win\pe_image.h(248): warning C4302: “reinterpret_cast”: 从“LPCSTR”到“WORD”截断 (编译源文件 debug\profiler.cc)
  trace_event_impl_constants.cc
  trace_event_memory.cc
  trace_event_synthetic_delay.cc
  trace_event_system_stats_monitor.cc
  trace_event_win.cc
  environment.cc
  file.cc
  file_enumerator.cc
  file_enumerator_win.cc
  file_path.cc
  file_path_constants.cc
  file_util.cc
  file_util_win.cc
  file_win.cc
  json_parser.cc
  json_reader.cc
  json_string_value_serializer.cc
  json_writer.cc
  string_escape.cc
  lazy_instance.cc
  location.cc
  logging.cc
  aligned_memory.cc
  ref_counted.cc
  ref_counted_memory.cc
  singleton.cc
  weak_ptr.cc
  incoming_task_queue.cc
  message_loop.cc
  message_loop_proxy.cc
  message_loop_proxy_impl.cc
  message_pump.cc
  message_pump_default.cc
  message_pump_win.cc
  bucket_ranges.cc
  histogram.cc
  histogram_base.cc
  histogram_samples.cc
  sample_map.cc
  sample_vector.cc
  sparse_histogram.cc
  statistics_recorder.cc
  path_service.cc
  pending_task.cc
  pickle.cc
  kill.cc
  kill_win.cc
  launch_win.cc
  memory.cc
  memory_win.cc
  process_handle_win.cc
  process_iterator.cc
  process_iterator_win.cc
  process_metrics.cc
  process_metrics_win.cc
  alternate_timer.cc
  scoped_profile.cc
  tracked_time.cc
  rand_util.cc
  rand_util_win.cc
  run_loop.cc
  sequenced_task_runner.cc
  sequence_checker_impl.cc
  nullable_string16.cc
  stringprintf.cc
  string_number_conversions.cc
  string_piece.cc
  string_split.cc
  string_util.cc
  string_util_constants.cc
  sys_string_conversions_win.cc
  utf_string_conversions.cc
  utf_string_conversion_utils.cc
  cancellation_flag.cc
  condition_variable_win.cc
  lock.cc
  lock_impl_win.cc
  waitable_event_watcher_win.cc
  waitable_event_win.cc
  sys_info.cc
  sys_info_win.cc
  task_runner.cc
  dtoa_wrapper.cc
  g_fmt.cc
  icu_utf.cc
  prtime.cc
  non_thread_safe_impl.cc
  platform_thread_win.cc
  post_task_and_reply_impl.cc
  sequenced_worker_pool.cc
  simple_thread.cc
  thread.cc
  thread_checker_impl.cc
  thread_collision_warner.cc
  thread_id_name_manager.cc
  thread_local_storage.cc
  thread_local_storage_win.cc
  thread_local_win.cc
  thread_restrictions.cc
  thread_task_runner_handle.cc
  timer.cc
  time.cc
  time_win.cc
  tracked_objects.cc
  tracking_info.cc
  values.cc
  vlog.cc
  event_trace_provider.cc
  object_watcher.cc
  pe_image.cc
  registry.cc
  scoped_handle.cc
d:\work\code\mybase\base\win\pe_image.h(248): warning C4302: “reinterpret_cast”: 从“LPCSTR”到“WORD”截断 (编译源文件 win\pe_image.cc)
  scoped_process_information.cc
  startup_information.cc
  windows_version.cc
  wrapped_window_proc.cc
  dynamic_annotations.c
  base.vcxproj -> D:\work\code\MyBase\Debug\base.lib
